빌드 시작: 2022-01-05 오후 7:33:52
     1>2 노드의 "E:\박찬혁\API\Chap 42\영화관\영화관\영화관.vcxproj" 프로젝트(Build 대상)입니다.
     1>ClCompile:
         D:\Program Files (x86)\Microsoft Visual Studio 14.0\VC\bin\x86_amd64\CL.exe /c /Zi /nologo /W3 /WX- /sdl /O2 /Oi /GL /D NDEBUG /D _WINDOWS /D _UNICODE /D UNICODE /Gm- /EHsc /MD /GS /Gy /fp:precise /Zc:wchar_t /Zc:forScope /Zc:inline /Fo"x64\Release\\" /Fd"x64\Release\vc140.pdb" /Gd /TP /errorReport:prompt "소스.cpp"
         소스.cpp
     1>소스.cpp(141): warning C4101: 'hdc' :참조되지 않은 지역 변수입니다.
     1>소스.cpp(142): warning C4101: 'i' :참조되지 않은 지역 변수입니다.
     1>소스.cpp(143): warning C4101: 'RCT' :참조되지 않은 지역 변수입니다.
       Link:
         D:\Program Files (x86)\Microsoft Visual Studio 14.0\VC\bin\x86_amd64\link.exe /ERRORREPORT:PROMPT /OUT:"E:\박찬혁\API\Chap 42\영화관\x64\Release\영화관.exe" /INCREMENTAL:NO /NOLOGO kernel32.lib user32.lib gdi32.lib winspool.lib comdlg32.lib advapi32.lib shell32.lib ole32.lib oleaut32.lib uuid.lib odbc32.lib odbccp32.lib /MANIFEST /MANIFESTUAC:"level='asInvoker' uiAccess='false'" /manifest:embed /Debug /PDB:"E:\박찬혁\API\Chap 42\영화관\x64\Release\영화관.pdb" /SUBSYSTEM:WINDOWS /OPT:REF /OPT:ICF /LTCG:incremental /TLBID:1 /DYNAMICBASE /NXCOMPAT /IMPLIB:"E:\박찬혁\API\Chap 42\영화관\x64\Release\영화관.lib" /MACHINE:X64 "x64\Release\영화관.res"
         "x64\Release\소스.obj"
         코드를 생성하고 있습니다.
         2 of 3 functions (66.7%) were compiled, the rest were copied from previous compilation.
           0 functions were new in current compilation
           1 functions had inline decision re-evaluated but remain unchanged
         코드를 생성했습니다.
         영화관.vcxproj -> E:\박찬혁\API\Chap 42\영화관\x64\Release\영화관.exe
     1>"E:\박찬혁\API\Chap 42\영화관\영화관\영화관.vcxproj" 프로젝트를 빌드했습니다(Build 대상).

빌드했습니다.

경과 시간: 00:00:00.95
